2024-03-27 09:43:18:INFO:Performing scheduled database backup.
2024-03-27 09:43:18:INFO:Deleting oldest backup /home/app/.local/share/spoolman/backups/spoolman.db.5
2024-03-27 09:43:18:INFO:Backing up SQLite database to /home/app/.local/share/spoolman/backups/spoolman.db
2024-03-27 09:43:19:INFO:Copied 1 of 10 pages.
2024-03-27 09:43:19:INFO:Copied 2 of 10 pages.
2024-03-27 09:43:19:INFO:Copied 3 of 10 pages.
2024-03-27 09:43:19:INFO:Copied 4 of 10 pages.
2024-03-27 09:43:19:INFO:Copied 5 of 10 pages.
2024-03-27 09:43:19:INFO:Copied 6 of 10 pages.
2024-03-27 09:43:19:INFO:Copied 7 of 10 pages.
2024-03-27 09:43:19:INFO:Copied 8 of 10 pages.
2024-03-27 09:43:19:INFO:Copied 9 of 10 pages.
2024-03-27 09:43:19:INFO:Copied 10 of 10 pages.
2024-03-27 09:43:19:INFO:Backup complete.
2024-03-27 09:43:19:INFO:Performing scheduled database backup.
2024-03-27 09:43:19:INFO:Deleting oldest backup /home/app/.local/share/spoolman/backups/spoolman.db.5
2024-03-27 09:43:19:INFO:Backing up SQLite database to /home/app/.local/share/spoolman/backups/spoolman.db
2024-03-27 09:43:19:INFO:Copied 1 of 10 pages.
2024-03-27 09:43:19:INFO:Copied 2 of 10 pages.
2024-03-27 09:43:19:INFO:Copied 3 of 10 pages.
2024-03-27 09:43:19:INFO:Copied 4 of 10 pages.
2024-03-27 09:43:19:INFO:Copied 5 of 10 pages.
2024-03-27 09:43:19:INFO:Copied 6 of 10 pages.
2024-03-27 09:43:19:INFO:Copied 7 of 10 pages.
2024-03-27 09:43:19:INFO:Copied 8 of 10 pages.
2024-03-27 09:43:19:INFO:Copied 9 of 10 pages.
2024-03-27 09:43:19:INFO:Copied 10 of 10 pages.
2024-03-27 09:43:19:INFO:Backup complete.
